<?xml version="1.0" encoding="UTF-8"?>
<testng-results ignored="0" total="5" passed="5" failed="0" skipped="0">
  <reporter-output>
  </reporter-output>
  <suite started-at="2024-04-02T16:06:17 IST" name="Default suite" finished-at="2024-04-02T16:07:19 IST" duration-ms="62237">
    <groups>
      <group name="cucumber">
        <method signature="AbstractTestNGCucumberTests.runScenario(io.cucumber.testng.PickleWrapper,io.cucumber.testng.FeatureWrapper)[pri:0, instance:runner.Acresrunner@353352b6]" name="runScenario" class="io.cucumber.testng.AbstractTestNGCucumberTests"/>
      </group> <!-- cucumber -->
    </groups>
    <test started-at="2024-04-02T16:06:17 IST" name="Default test" finished-at="2024-04-02T16:07:19 IST" duration-ms="62237">
      <class name="runner.Acresrunner">
        <test-method is-config="true" signature="setUpClass(org.testng.ITestContext)[pri:0, instance:runner.Acresrunner@353352b6]" started-at="2024-04-02T16:06:17 IST" name="setUpClass" finished-at="2024-04-02T16:06:17 IST" duration-ms="175" status="PASS">
          <params>
            <param index="0">
              <value>
                <![CDATA[org.testng.TestRunner@4d41ba0f]]>
              </value>
            </param>
          </params>
          <reporter-output>
          </reporter-output>
        </test-method> <!-- setUpClass -->
        <test-method signature="runScenario(io.cucumber.testng.PickleWrapper,io.cucumber.testng.FeatureWrapper)[pri:0, instance:runner.Acresrunner@353352b6]" started-at="2024-04-02T16:06:17 IST" name="runScenario" description="Runs Cucumber Scenarios" data-provider="scenarios" finished-at="2024-04-02T16:06:28 IST" duration-ms="10120" status="PASS">
          <params>
            <param index="0">
              <value>
                <![CDATA["For buying a home"]]>
              </value>
            </param>
            <param index="1">
              <value>
                <![CDATA["buy a home"]]>
              </value>
            </param>
          </params>
          <reporter-output>
          </reporter-output>
        </test-method> <!-- runScenario -->
        <test-method signature="runScenario(io.cucumber.testng.PickleWrapper,io.cucumber.testng.FeatureWrapper)[pri:0, instance:runner.Acresrunner@353352b6]" started-at="2024-04-02T16:06:28 IST" name="runScenario" description="Runs Cucumber Scenarios" data-provider="scenarios" finished-at="2024-04-02T16:06:37 IST" duration-ms="9254" status="PASS">
          <params>
            <param index="0">
              <value>
                <![CDATA["To buy a Plot"]]>
              </value>
            </param>
            <param index="1">
              <value>
                <![CDATA["buy a home"]]>
              </value>
            </param>
          </params>
          <reporter-output>
          </reporter-output>
        </test-method> <!-- runScenario -->
        <test-method signature="runScenario(io.cucumber.testng.PickleWrapper,io.cucumber.testng.FeatureWrapper)[pri:0, instance:runner.Acresrunner@353352b6]" started-at="2024-04-02T16:06:37 IST" name="runScenario" description="Runs Cucumber Scenarios" data-provider="scenarios" finished-at="2024-04-02T16:06:51 IST" duration-ms="13944" status="PASS">
          <params>
            <param index="0">
              <value>
                <![CDATA["To buy a commercial property"]]>
              </value>
            </param>
            <param index="1">
              <value>
                <![CDATA["buy a home"]]>
              </value>
            </param>
          </params>
          <reporter-output>
          </reporter-output>
        </test-method> <!-- runScenario -->
        <test-method signature="runScenario(io.cucumber.testng.PickleWrapper,io.cucumber.testng.FeatureWrapper)[pri:0, instance:runner.Acresrunner@353352b6]" started-at="2024-04-02T16:06:51 IST" name="runScenario" description="Runs Cucumber Scenarios" data-provider="scenarios" finished-at="2024-04-02T16:07:07 IST" duration-ms="16280" status="PASS">
          <params>
            <param index="0">
              <value>
                <![CDATA["Insights assertion"]]>
              </value>
            </param>
            <param index="1">
              <value>
                <![CDATA["buy a home"]]>
              </value>
            </param>
          </params>
          <reporter-output>
          </reporter-output>
        </test-method> <!-- runScenario -->
        <test-method signature="runScenario(io.cucumber.testng.PickleWrapper,io.cucumber.testng.FeatureWrapper)[pri:0, instance:runner.Acresrunner@353352b6]" started-at="2024-04-02T16:07:07 IST" name="runScenario" description="Runs Cucumber Scenarios" data-provider="scenarios" finished-at="2024-04-02T16:07:19 IST" duration-ms="12427" status="PASS">
          <params>
            <param index="0">
              <value>
                <![CDATA["Mobile App"]]>
              </value>
            </param>
            <param index="1">
              <value>
                <![CDATA["buy a home"]]>
              </value>
            </param>
          </params>
          <reporter-output>
          </reporter-output>
        </test-method> <!-- runScenario -->
        <test-method is-config="true" signature="tearDownClass()[pri:0, instance:runner.Acresrunner@353352b6]" started-at="2024-04-02T16:07:19 IST" name="tearDownClass" finished-at="2024-04-02T16:07:19 IST" duration-ms="1" status="PASS">
          <reporter-output>
          </reporter-output>
        </test-method> <!-- tearDownClass -->
      </class> <!-- runner.Acresrunner -->
    </test> <!-- Default test -->
  </suite> <!-- Default suite -->
</testng-results>
